# JRE version: OpenJDK Runtime Environment Temurin-17.0.8.1+1 (17.0.8.1+1) (build 17.0.8.1+1)
# Java VM: OpenJDK 64-Bit Server VM Temurin-17.0.8.1+1 (17.0.8.1+1, mixed mode, emulated-client, tiered, compressed oops, compressed class ptrs, g1 gc, windows-amd64)
GC Precious Log:
 CPUs: 8 total, 8 available
 Memory: 6082M
 Large Page Support: Disabled
 NUMA Support: Disabled
 Compressed Oops: Enabled (32-bit)
 Heap Region Size: 1M
 Heap Min Capacity: 8M
 Heap Initial Capacity: 96M
 Heap Max Capacity: 1522M
 Pre-touch: Disabled
 Parallel Workers: 8
 Concurrent Workers: 2
 Concurrent Refinement Workers: 8
 Periodic GC: Disabled
Heap:
 garbage-first heap   total 65536K, used 21378K [0x00000000a0e00000, 0x0000000100000000)
  region size 1024K, 7 young (7168K), 2 survivors (2048K)
 Metaspace       used 36154K, committed 36544K, reserved 1114112K
  class space    used 4589K, committed 4800K, reserved 1048576K
GC Heap History (20 events):
Event: 1.322 GC heap before
{Heap before GC invocations=0 (full 0):
 garbage-first heap   total 98304K, used 23552K [0x00000000a0e00000, 0x0000000100000000)
  region size 1024K, 23 young (23552K), 0 survivors (0K)
 Metaspace       used 16231K, committed 16448K, reserved 1114112K
  class space    used 1746K, committed 1856K, reserved 1048576K
}
Event: 1.335 GC heap after
{Heap after GC invocations=1 (full 0):
 garbage-first heap   total 98304K, used 7680K [0x00000000a0e00000, 0x0000000100000000)
  region size 1024K, 3 young (3072K), 3 survivors (3072K)
 Metaspace       used 16231K, committed 16448K, reserved 1114112K
  class space    used 1746K, committed 1856K, reserved 1048576K
}
Event: 2.000 GC heap before
{Heap before GC invocations=1 (full 0):
 garbage-first heap   total 98304K, used 29184K [0x00000000a0e00000, 0x0000000100000000)
  region size 1024K, 25 young (25600K), 3 survivors (3072K)
 Metaspace       used 20035K, committed 20352K, reserved 1114112K
  class space    used 2344K, committed 2496K, reserved 1048576K
}
Event: 2.007 GC heap after
{Heap after GC invocations=2 (full 0):
 garbage-first heap   total 98304K, used 9240K [0x00000000a0e00000, 0x0000000100000000)
  region size 1024K, 2 young (2048K), 2 survivors (2048K)
 Metaspace       used 20035K, committed 20352K, reserved 1114112K
  class space    used 2344K, committed 2496K, reserved 1048576K
}
Event: 2.064 GC heap before
{Heap before GC invocations=2 (full 0):
 garbage-first heap   total 98304K, used 13336K [0x00000000a0e00000, 0x0000000100000000)
  region size 1024K, 7 young (7168K), 2 survivors (2048K)
 Metaspace       used 21313K, committed 21504K, reserved 1114112K
  class space    used 2476K, committed 2560K, reserved 1048576K
}
Event: 2.067 GC heap after
{Heap after GC invocations=3 (full 0):
 garbage-first heap   total 98304K, used 9478K [0x00000000a0e00000, 0x0000000100000000)
  region size 1024K, 2 young (2048K), 2 survivors (2048K)
 Metaspace       used 21313K, committed 21504K, reserved 1114112K
  class space    used 2476K, committed 2560K, reserved 1048576K
}
Event: 2.378 GC heap before
{Heap before GC invocations=4 (full 0):
 garbage-first heap   total 40960K, used 29958K [0x00000000a0e00000, 0x0000000100000000)
  region size 1024K, 24 young (24576K), 2 survivors (2048K)
 Metaspace       used 26162K, committed 26496K, reserved 1114112K
  class space    used 3090K, committed 3264K, reserved 1048576K
}
Event: 2.383 GC heap after
{Heap after GC invocations=5 (full 0):
 garbage-first heap   total 40960K, used 10497K [0x00000000a0e00000, 0x0000000100000000)
  region size 1024K, 3 young (3072K), 3 survivors (3072K)
 Metaspace       used 26162K, committed 26496K, reserved 1114112K
  class space    used 3090K, committed 3264K, reserved 1048576K
}
Event: 2.395 GC heap before
{Heap before GC invocations=5 (full 0):
 garbage-first heap   total 40960K, used 11521K [0x00000000a0e00000, 0x0000000100000000)
  region size 1024K, 4 young (4096K), 3 survivors (3072K)
 Metaspace       used 26353K, committed 26688K, reserved 1114112K
  class space    used 3118K, committed 3264K, reserved 1048576K
}
Event: 2.400 GC heap after
{Heap after GC invocations=6 (full 0):
 garbage-first heap   total 40960K, used 10686K [0x00000000a0e00000, 0x0000000100000000)
  region size 1024K, 1 young (1024K), 1 survivors (1024K)
 Metaspace       used 26353K, committed 26688K, reserved 1114112K
  class space    used 3118K, committed 3264K, reserved 1048576K
}
Event: 2.756 GC heap before
{Heap before GC invocations=6 (full 0):
 garbage-first heap   total 40960K, used 28094K [0x00000000a0e00000, 0x0000000100000000)
  region size 1024K, 18 young (18432K), 1 survivors (1024K)
 Metaspace       used 28529K, committed 28864K, reserved 1114112K
  class space    used 3421K, committed 3584K, reserved 1048576K
}
Event: 2.760 GC heap after
{Heap after GC invocations=7 (full 0):
 garbage-first heap   total 40960K, used 12572K [0x00000000a0e00000, 0x0000000100000000)
  region size 1024K, 3 young (3072K), 3 survivors (3072K)
 Metaspace       used 28529K, committed 28864K, reserved 1114112K
  class space    used 3421K, committed 3584K, reserved 1048576K
}
Event: 3.182 GC heap before
{Heap before GC invocations=7 (full 0):
 garbage-first heap   total 40960K, used 28956K [0x00000000a0e00000, 0x0000000100000000)
  region size 1024K, 19 young (19456K), 3 survivors (3072K)
 Metaspace       used 29550K, committed 29888K, reserved 1114112K
  class space    used 3578K, committed 3712K, reserved 1048576K
}
Event: 3.186 GC heap after
{Heap after GC invocations=8 (full 0):
 garbage-first heap   total 40960K, used 13536K [0x00000000a0e00000, 0x0000000100000000)
  region size 1024K, 2 young (2048K), 2 survivors (2048K)
 Metaspace       used 29550K, committed 29888K, reserved 1114112K
  class space    used 3578K, committed 3712K, reserved 1048576K
}
Event: 3.712 GC heap before
{Heap before GC invocations=8 (full 0):
 garbage-first heap   total 40960K, used 29920K [0x00000000a0e00000, 0x0000000100000000)
  region size 1024K, 18 young (18432K), 2 survivors (2048K)
 Metaspace       used 31574K, committed 31872K, reserved 1114112K
  class space    used 3895K, committed 4032K, reserved 1048576K
}
Event: 3.716 GC heap after
{Heap after GC invocations=9 (full 0):
 garbage-first heap   total 40960K, used 14456K [0x00000000a0e00000, 0x0000000100000000)
  region size 1024K, 3 young (3072K), 3 survivors (3072K)
 Metaspace       used 31574K, committed 31872K, reserved 1114112K
  class space    used 3895K, committed 4032K, reserved 1048576K
}
Event: 4.188 GC heap before
{Heap before GC invocations=9 (full 0):
 garbage-first heap   total 40960K, used 30840K [0x00000000a0e00000, 0x0000000100000000)
  region size 1024K, 19 young (19456K), 3 survivors (3072K)
 Metaspace       used 34288K, committed 34688K, reserved 1114112K
  class space    used 4310K, committed 4544K, reserved 1048576K
}
Event: 4.193 GC heap after
{Heap after GC invocations=10 (full 0):
 garbage-first heap   total 40960K, used 16132K [0x00000000a0e00000, 0x0000000100000000)
  region size 1024K, 3 young (3072K), 3 survivors (3072K)
 Metaspace       used 34288K, committed 34688K, reserved 1114112K
  class space    used 4310K, committed 4544K, reserved 1048576K
}
Event: 4.472 GC heap before
{Heap before GC invocations=10 (full 0):
 garbage-first heap   total 40960K, used 26372K [0x00000000a0e00000, 0x0000000100000000)
  region size 1024K, 14 young (14336K), 3 survivors (3072K)
 Metaspace       used 35942K, committed 36288K, reserved 1114112K
  class space    used 4554K, committed 4736K, reserved 1048576K
}
Event: 4.477 GC heap after
{Heap after GC invocations=11 (full 0):
 garbage-first heap   total 81920K, used 17282K [0x00000000a0e00000, 0x0000000100000000)
  region size 1024K, 2 young (2048K), 2 survivors (2048K)
 Metaspace       used 35942K, committed 36288K, reserved 1114112K
  class space    used 4554K, committed 4736K, reserved 1048576K
}

